On branch master
Your branch is up-to-date with 'origin/master'.

Changes not staged for commit:
  (use "git add/rm <file>..." to update what will be committed)
  (use "git checkout -- <file>..." to discard changes in working directory)

	modified:   TestBase/.gitignore
	modified:   TestBase/Assets/Editor/CreatAssetBundles.cs
	deleted:    TestBase/Assets/IK.meta
	modified:   TestBase/Assets/TestScript/Script/TestAssetBundle.cs
	modified:   TestBase/Assets/spine-unity/Editor/SpineEditorUtilities.cs
	modified:   TestBase/Assets/spine-unity/Ghost/Shaders/SkeletonGhost.shader
	modified:   TestBase/Assets/spine-unity/Shaders/Bones.shader
	modified:   TestBase/Library/AssetImportState
	modified:   TestBase/Library/AssetServerCacheV3
	modified:   TestBase/Library/CurrentLayout.dwlt
	modified:   TestBase/Library/LastSceneManagerSetup.txt
	modified:   TestBase/Library/ProjectSettings.asset
	modified:   TestBase/Library/ScriptAssemblies/Assembly-CSharp-Editor.dll
	modified:   TestBase/Library/ScriptAssemblies/Assembly-CSharp-Editor.dll.mdb
	modified:   TestBase/Library/ScriptAssemblies/Assembly-CSharp.dll
	modified:   TestBase/Library/ScriptAssemblies/Assembly-CSharp.dll.mdb
	modified:   TestBase/Library/ScriptAssemblies/BuiltinAssemblies.stamp
	modified:   TestBase/Library/ScriptMapper
	modified:   TestBase/Library/ShaderCache.db
	modified:   TestBase/Library/UnityAssemblies/SyntaxTree.VisualStudio.Unity.Bridge.dll
	modified:   TestBase/Library/UnityAssemblies/UnityEditor.Advertisements.dll
	modified:   TestBase/Library/UnityAssemblies/UnityEditor.Android.Extensions.dll
	deleted:    TestBase/Library/UnityAssemblies/UnityEditor.EditorTestsRunner.dll
	deleted:    TestBase/Library/UnityAssemblies/UnityEditor.EditorTestsRunner.xml
	modified:   TestBase/Library/UnityAssemblies/UnityEditor.Graphs.dll
	modified:   TestBase/Library/UnityAssemblies/UnityEditor.Networking.dll
	modified:   TestBase/Library/UnityAssemblies/UnityEditor.TreeEditor.dll
	modified:   TestBase/Library/UnityAssemblies/UnityEditor.UI.dll
	modified:   TestBase/Library/UnityAssemblies/UnityEditor.UI.xml
	modified:   TestBase/Library/UnityAssemblies/UnityEditor.WindowsStandalone.Extensions.dll
	modified:   TestBase/Library/UnityAssemblies/UnityEditor.dll
	modified:   TestBase/Library/UnityAssemblies/UnityEditor.iOS.Extensions.Xcode.dll
	modified:   TestBase/Library/UnityAssemblies/UnityEditor.iOS.Extensions.dll
	modified:   TestBase/Library/UnityAssemblies/UnityEditor.iOS.Extensions.xml
	modified:   TestBase/Library/UnityAssemblies/UnityEditor.xml
	modified:   TestBase/Library/UnityAssemblies/UnityEngine.Networking.dll
	modified:   TestBase/Library/UnityAssemblies/UnityEngine.Networking.xml
	modified:   TestBase/Library/UnityAssemblies/UnityEngine.UI.dll
	modified:   TestBase/Library/UnityAssemblies/UnityEngine.UI.xml
	modified:   TestBase/Library/UnityAssemblies/UnityEngine.dll
	modified:   TestBase/Library/UnityAssemblies/UnityEngine.xml
	modified:   TestBase/Library/UnityAssemblies/nunit.framework.dll
	modified:   TestBase/Library/UnityAssemblies/nunit.framework.xml
	modified:   TestBase/Library/UnityAssemblies/version.txt
	modified:   TestBase/Library/assetDatabase3
	modified:   TestBase/Library/expandedItems
	modified:   TestBase/Library/metadata/00/00000000000000002000000000000000
	modified:   TestBase/Library/metadata/00/00000000000000002000000000000000.info
	modified:   TestBase/Library/metadata/00/00000000000000003000000000000000
	modified:   TestBase/Library/metadata/00/00000000000000003000000000000000.info
	modified:   TestBase/Library/metadata/00/00000000000000004000000000000000
	modified:   TestBase/Library/metadata/00/00000000000000004000000000000000.info
	modified:   TestBase/Library/metadata/00/00000000000000004100000000000000
	modified:   TestBase/Library/metadata/00/00000000000000004100000000000000.info
	modified:   TestBase/Library/metadata/00/00000000000000005000000000000000
	modified:   TestBase/Library/metadata/00/00000000000000005000000000000000.info
	modified:   TestBase/Library/metadata/00/00000000000000005100000000000000
	modified:   TestBase/Library/metadata/00/00000000000000005100000000000000.info
	modified:   TestBase/Library/metadata/00/00000000000000006000000000000000
	modified:   TestBase/Library/metadata/00/00000000000000006000000000000000.info
	modified:   TestBase/Library/metadata/00/00000000000000006100000000000000
	modified:   TestBase/Library/metadata/00/00000000000000006100000000000000.info
	modified:   TestBase/Library/metadata/00/00000000000000007000000000000000
	modified:   TestBase/Library/metadata/00/00000000000000007000000000000000.info
	modified:   TestBase/Library/metadata/00/00000000000000007100000000000000
	modified:   TestBase/Library/metadata/00/00000000000000007100000000000000.info
	modified:   TestBase/Library/metadata/00/00000000000000008000000000000000
	modified:   TestBase/Library/metadata/00/00000000000000008000000000000000.info
	deleted:    TestBase/Library/metadata/00/00000000000000008100000000000000
	deleted:    TestBase/Library/metadata/00/00000000000000008100000000000000.info
	modified:   TestBase/Library/metadata/00/00000000000000009000000000000000
	modified:   TestBase/Library/metadata/00/00000000000000009000000000000000.info
	modified:   TestBase/Library/metadata/00/0000000000000000a000000000000000
	modified:   TestBase/Library/metadata/00/0000000000000000a000000000000000.info
	modified:   TestBase/Library/metadata/00/0000000000000000a100000000000000
	modified:   TestBase/Library/metadata/00/0000000000000000a100000000000000.info
	modified:   TestBase/Library/metadata/00/0000000000000000b000000000000000
	modified:   TestBase/Library/metadata/00/0000000000000000b000000000000000.info
	modified:   TestBase/Library/metadata/00/0000000000000000c000000000000000
	modified:   TestBase/Library/metadata/00/0000000000000000c000000000000000.info
	modified:   TestBase/Library/metadata/00/00053626a50d2b540a0adf556b065274
	modified:   TestBase/Library/metadata/00/00053626a50d2b540a0adf556b065274.info
	modified:   TestBase/Library/metadata/01/01cbef8f24d105f4bafa9668d669e040
	modified:   TestBase/Library/metadata/01/01cbef8f24d105f4bafa9668d669e040.info
	modified:   TestBase/Library/metadata/02/02f2fa991881c6d419500ccc40ad443f
	modified:   TestBase/Library/metadata/02/02f2fa991881c6d419500ccc40ad443f.info
	modified:   TestBase/Library/metadata/03/0317ee9ba6e1b1e49a030268e026d372
	modified:   TestBase/Library/metadata/03/0317ee9ba6e1b1e49a030268e026d372.info
	modified:   TestBase/Library/metadata/03/031930e4cebf68345b71c664bfa622cf
	modified:   TestBase/Library/metadata/03/031930e4cebf68345b71c664bfa622cf.info
	modified:   TestBase/Library/metadata/03/03238e4a73953c045a6cb289162532f3
	modified:   TestBase/Library/metadata/03/03238e4a73953c045a6cb289162532f3.info
	modified:   TestBase/Library/metadata/03/0338faf3e7d93e2478fcbc022d13e081
	modified:   TestBase/Library/metadata/03/0338faf3e7d93e2478fcbc022d13e081.info
	modified:   TestBase/Library/metadata/04/04507a926eb95ff4188dc5dee2ee409c
	modified:   TestBase/Library/metadata/04/04507a926eb95ff4188dc5dee2ee409c.info
	modified:   TestBase/Library/metadata/04/04c82a4acf7b5244e947f2709ec3a6cf
	modified:   TestBase/Library/metadata/04/04c82a4acf7b5244e947f2709ec3a6cf.info
	modified:   TestBase/Library/metadata/04/04ec2258b2f3c0b498a800770c51f85c
	modified:   TestBase/Library/metadata/04/04ec2258b2f3c0b498a800770c51f85c.info
	modified:   TestBase/Library/metadata/05/0517c1f3a6aec5740aad7827a823c3db
	modified:   TestBase/Library/metadata/05/0517c1f3a6aec5740aad7827a823c3db.info
	modified:   TestBase/Library/metadata/06/060d751da8346354e86086b960d8b6ed
	modified:   TestBase/Library/metadata/06/060d751da8346354e86086b960d8b6ed.info
	modified:   TestBase/Library/metadata/06/066917a2cc5e8824b9b7e2944feee6f1
	modified:   TestBase/Library/metadata/06/066917a2cc5e8824b9b7e2944feee6f1.info
	modified:   TestBase/Library/metadata/09/095df186000aff741a2407fe13d65e42
	modified:   TestBase/Library/metadata/09/095df186000aff741a2407fe13d65e42.info
	modified:   TestBase/Library/metadata/0b/0b1bcb09fa228d049ba3c9ea6a57e1ee
	modified:   TestBase/Library/metadata/0b/0b1bcb09fa228d049ba3c9ea6a57e1ee.info
	modified:   TestBase/Library/metadata/0d/0d8935f4180c02a4ab97099ce30c55f3
	modified:   TestBase/Library/metadata/0d/0d8935f4180c02a4ab97099ce30c55f3.info
	modified:   TestBase/Library/metadata/0d/0d994c65b6daec64f80ae2ae04e9d999
	modified:   TestBase/Library/metadata/0d/0d994c65b6daec64f80ae2ae04e9d999.info
	modified:   TestBase/Library/metadata/0d/0d9db1748e0cf9f408129df308299463
	modified:   TestBase/Library/metadata/0d/0d9db1748e0cf9f408129df308299463.info
	modified:   TestBase/Library/metadata/10/10a55007aa0e0cc4f9c2e31ef5443429
	modified:   TestBase/Library/metadata/10/10a55007aa0e0cc4f9c2e31ef5443429.info
	modified:   TestBase/Library/metadata/12/1241a6f91356bc84e81d4af8f7879026
	modified:   TestBase/Library/metadata/12/1241a6f91356bc84e81d4af8f7879026.info
	modified:   TestBase/Library/metadata/12/12c126994123f12468cf4c5a2684078a
	modified:   TestBase/Library/metadata/12/12c126994123f12468cf4c5a2684078a.info
	modified:   TestBase/Library/metadata/12/12e83446a8c56824581bfca17df70213
	modified:   TestBase/Library/metadata/12/12e83446a8c56824581bfca17df70213.info
	modified:   TestBase/Library/metadata/14/1468afcf8f2460e49aa73caeaeb91839
	modified:   TestBase/Library/metadata/14/1468afcf8f2460e49aa73caeaeb91839.info
	modified:   TestBase/Library/metadata/16/16fadfcdd324b4c4db393d0da95b1505
	modified:   TestBase/Library/metadata/16/16fadfcdd324b4c4db393d0da95b1505.info
	modified:   TestBase/Library/metadata/17/171024ce4b0dada41905272ac922d62f
	modified:   TestBase/Library/metadata/17/171024ce4b0dada41905272ac922d62f.info
	modified:   TestBase/Library/metadata/18/18a5de82d96e06c49b7d8a21ed49521a
	modified:   TestBase/Library/metadata/18/18a5de82d96e06c49b7d8a21ed49521a.info
	modified:   TestBase/Library/metadata/1b/1b243b17019b66f4c929c1ffd29bdc57
	modified:   TestBase/Library/metadata/1b/1b243b17019b66f4c929c1ffd29bdc57.info
	modified:   TestBase/Library/metadata/1c/1c3065affeb9c9b46aef57d6bbe199ef
	modified:   TestBase/Library/metadata/1c/1c3065affeb9c9b46aef57d6bbe199ef.info
	modified:   TestBase/Library/metadata/1c/1c87af1337e52eb45b23ff095dd5bfd0
	modified:   TestBase/Library/metadata/1c/1c87af1337e52eb45b23ff095dd5bfd0.info
	modified:   TestBase/Library/metadata/1d/1d300d9a4480c99409d838b49f344f7a
	modified:   TestBase/Library/metadata/1d/1d300d9a4480c99409d838b49f344f7a.info
	modified:   TestBase/Library/metadata/1e/1e8a610c9e01c3648bac42585e5fc676
	modified:   TestBase/Library/metadata/1e/1e8a610c9e01c3648bac42585e5fc676.info
	modified:   TestBase/Library/metadata/20/205427f891a69f549ace85c4ec18f513
	modified:   TestBase/Library/metadata/20/205427f891a69f549ace85c4ec18f513.info
	modified:   TestBase/Library/metadata/22/22b19a38b21c15a48854f0db86b0b7d3
	modified:   TestBase/Library/metadata/22/22b19a38b21c15a48854f0db86b0b7d3.info
	modified:   TestBase/Library/metadata/22/22c4b5e5a0fd9484d83b1aa705b9a54c
	modified:   TestBase/Library/metadata/22/22c4b5e5a0fd9484d83b1aa705b9a54c.info
	modified:   TestBase/Library/metadata/24/242e548deaaeef64ba7271e68304e040
	modified:   TestBase/Library/metadata/24/242e548deaaeef64ba7271e68304e040.info
	modified:   TestBase/Library/metadata/24/24903fdac57ee784b9597fcb751ec22f
	modified:   TestBase/Library/metadata/24/24903fdac57ee784b9597fcb751ec22f.info
	modified:   TestBase/Library/metadata/25/25086cd81e3158b439761b73d7366c47
	modified:   TestBase/Library/metadata/25/25086cd81e3158b439761b73d7366c47.info
	modified:   TestBase/Library/metadata/27/27b3e3370f55c0a438ef0a10c2eba510
	modified:   TestBase/Library/metadata/27/27b3e3370f55c0a438ef0a10c2eba510.info
	modified:   TestBase/Library/metadata/28/28268a24dbcbb4c48af226a77c79defc
	modified:   TestBase/Library/metadata/28/28268a24dbcbb4c48af226a77c79defc.info
	modified:   TestBase/Library/metadata/28/2864f1f28235e94479d56221ca0a5bec
	modified:   TestBase/Library/metadata/28/2864f1f28235e94479d56221ca0a5bec.info
	modified:   TestBase/Library/metadata/2a/2a88cb6ea6a9bd94e8513bd8b866934b
	modified:   TestBase/Library/metadata/2a/2a88cb6ea6a9bd94e8513bd8b866934b.info
	modified:   TestBase/Library/metadata/2a/2a9a6c18c19bf8c4aa9ddafa55d8c1d8
	modified:   TestBase/Library/metadata/2a/2a9a6c18c19bf8c4aa9ddafa55d8c1d8.info
	modified:   TestBase/Library/metadata/2b/2b3a6f35bbaa8414eb51a344743ee641
	modified:   TestBase/Library/metadata/2b/2b3a6f35bbaa8414eb51a344743ee641.info
	modified:   TestBase/Library/metadata/2b/2bd4432dcb65658428cd3af3e5dda896
	modified:   TestBase/Library/metadata/2b/2bd4432dcb65658428cd3af3e5dda896.info
	modified:   TestBase/Library/metadata/2c/2c2c6d283dcf3654baf40001c982891c
	modified:   TestBase/Library/metadata/2c/2c2c6d283dcf3654baf40001c982891c.info
	modified:   TestBase/Library/metadata/2c/2c3a1cbcb38d855409479f2e9ac52644
	modified:   TestBase/Library/metadata/2c/2c3a1cbcb38d855409479f2e9ac52644.info
	modified:   TestBase/Library/metadata/2c/2c9c8caf9ef4a2d44a6978ea8bdcb3f6
	modified:   TestBase/Library/metadata/2c/2c9c8caf9ef4a2d44a6978ea8bdcb3f6.info
	modified:   TestBase/Library/metadata/2d/2db7c0070f56e93489193a7872fec52d
	modified:   TestBase/Library/metadata/2d/2db7c0070f56e93489193a7872fec52d.info
	modified:   TestBase/Library/metadata/2e/2e6876e5ebf028a40a924eed549206dd
	modified:   TestBase/Library/metadata/2e/2e6876e5ebf028a40a924eed549206dd.info
	modified:   TestBase/Library/metadata/2e/2e839f5b29151ca4896e330278391ec5
	modified:   TestBase/Library/metadata/2e/2e839f5b29151ca4896e330278391ec5.info
	modified:   TestBase/Library/metadata/2e/2ee7b5e36685e2445a0097de42940987
	modified:   TestBase/Library/metadata/2e/2ee7b5e36685e2445a0097de42940987.info
	modified:   TestBase/Library/metadata/30/3098d45d9dfd7894aa319de5ef55872c
	modified:   TestBase/Library/metadata/30/3098d45d9dfd7894aa319de5ef55872c.info
	modified:   TestBase/Library/metadata/31/31a18437d3dfcde44a2e4b24361a3620
	modified:   TestBase/Library/metadata/31/31a18437d3dfcde44a2e4b24361a3620.info
	modified:   TestBase/Library/metadata/32/32741e3367055d84f97bd05ee30c1176
	modified:   TestBase/Library/metadata/32/32741e3367055d84f97bd05ee30c1176.info
	modified:   TestBase/Library/metadata/32/3277fd5561d95724e83c6ca4a1dd28a4
	modified:   TestBase/Library/metadata/32/3277fd5561d95724e83c6ca4a1dd28a4.info
	modified:   TestBase/Library/metadata/32/328a7f6a1d6153d41af2ba4c4b3cb369
	modified:   TestBase/Library/metadata/32/328a7f6a1d6153d41af2ba4c4b3cb369.info
	modified:   TestBase/Library/metadata/35/3586e5ccd2041c24eb20eb4764168abd
	modified:   TestBase/Library/metadata/35/3586e5ccd2041c24eb20eb4764168abd.info
	modified:   TestBase/Library/metadata/36/36231c52c2ec70b40984efe1d7d49edd
	modified:   TestBase/Library/metadata/36/36231c52c2ec70b40984efe1d7d49edd.info
	modified:   TestBase/Library/metadata/36/3662334b99de5fe4396ab24e30c4fd12
	modified:   TestBase/Library/metadata/36/3662334b99de5fe4396ab24e30c4fd12.info
	modified:   TestBase/Library/metadata/37/370927d98ff6b024c96ea2935adb4efb
	modified:   TestBase/Library/metadata/37/370927d98ff6b024c96ea2935adb4efb.info
	modified:   TestBase/Library/metadata/37/373527d2bf3351348b9fcc499ce9ea23
	modified:   TestBase/Library/metadata/37/373527d2bf3351348b9fcc499ce9ea23.info
	modified:   TestBase/Library/metadata/38/3873d4699ee8a4b4da8fa6b8c229b94d
	modified:   TestBase/Library/metadata/38/3873d4699ee8a4b4da8fa6b8c229b94d.info
	modified:   TestBase/Library/metadata/39/390dbc558cf55c24fab610c90511b342
	modified:   TestBase/Library/metadata/39/390dbc558cf55c24fab610c90511b342.info
	modified:   TestBase/Library/metadata/39/39381a933da39094284fe8ac09e39873
	modified:   TestBase/Library/metadata/39/39381a933da39094284fe8ac09e39873.info
	modified:   TestBase/Library/metadata/39/39fbfef61034ca045b5aa80088e1e8a4
	modified:   TestBase/Library/metadata/39/39fbfef61034ca045b5aa80088e1e8a4.info
	modified:   TestBase/Library/metadata/3a/3ae635b4540c450408d30a8afb9f75a7
	modified:   TestBase/Library/metadata/3a/3ae635b4540c450408d30a8afb9f75a7.info
	deleted:    TestBase/Library/metadata/3c/3c0ad459c1534645b5d603b7cc258f97
	deleted:    TestBase/Library/metadata/3c/3c0ad459c1534645b5d603b7cc258f97.info
	modified:   TestBase/Library/metadata/3c/3c826b50b0cfee343be3bdbbf59d0f7c
	modified:   TestBase/Library/metadata/3c/3c826b50b0cfee343be3bdbbf59d0f7c.info
	modified:   TestBase/Library/metadata/3d/3d1be4ea889f3a14b864352fe49a1bde
	modified:   TestBase/Library/metadata/3d/3d1be4ea889f3a14b864352fe49a1bde.info
	modified:   TestBase/Library/metadata/40/4077aa8b8dd44f74cb8d7ce1f8ad9a4b
	modified:   TestBase/Library/metadata/40/4077aa8b8dd44f74cb8d7ce1f8ad9a4b.info
	modified:   TestBase/Library/metadata/40/4083cd422558e2540a62bbafb94f57b5
	modified:   TestBase/Library/metadata/40/4083cd422558e2540a62bbafb94f57b5.info
	modified:   TestBase/Library/metadata/40/40a82af6554a7594f9ffa9ac8dde212f
	modified:   TestBase/Library/metadata/40/40a82af6554a7594f9ffa9ac8dde212f.info
	modified:   TestBase/Library/metadata/40/40ca8efa87a2fae4a9de6fa585dc6b4b
	modified:   TestBase/Library/metadata/40/40ca8efa87a2fae4a9de6fa585dc6b4b.info
	modified:   TestBase/Library/metadata/42/4261719a8f729a644b2dab6113d1b0ea
	modified:   TestBase/Library/metadata/42/4261719a8f729a644b2dab6113d1b0ea.info
	modified:   TestBase/Library/metadata/43/43227e5adadc6f24bb4bf74b92a56fb4
	modified:   TestBase/Library/metadata/43/43227e5adadc6f24bb4bf74b92a56fb4.info
	modified:   TestBase/Library/metadata/44/44691b56ed7d1f04da0cbc2a52a91b8d
	modified:   TestBase/Library/metadata/44/44691b56ed7d1f04da0cbc2a52a91b8d.info
	modified:   TestBase/Library/metadata/44/44b241ebff024504ea1195871c48985e
	modified:   TestBase/Library/metadata/44/44b241ebff024504ea1195871c48985e.info
	modified:   TestBase/Library/metadata/45/45840351badca5d4da4a9c7888d5561e
	modified:   TestBase/Library/metadata/45/45840351badca5d4da4a9c7888d5561e.info
	modified:   TestBase/Library/metadata/46/4699b00f21b36a5488719f01fa278824
	modified:   TestBase/Library/metadata/46/4699b00f21b36a5488719f01fa278824.info
	modified:   TestBase/Library/metadata/47/4788d13aa1dede047a9a4ece474eed91
	modified:   TestBase/Library/metadata/47/4788d13aa1dede047a9a4ece474eed91.info
	modified:   TestBase/Library/metadata/49/49441e5a1682e564694545bd9b509785
	modified:   TestBase/Library/metadata/49/49441e5a1682e564694545bd9b509785.info
	modified:   TestBase/Library/metadata/49/49bb65eefe08e424bbf7a38bc98ec638
	modified:   TestBase/Library/metadata/49/49bb65eefe08e424bbf7a38bc98ec638.info
	modified:   TestBase/Library/metadata/49/49dcd2c3fdec1a04eb07cdfc9e0b5065
	modified:   TestBase/Library/metadata/49/49dcd2c3fdec1a04eb07cdfc9e0b5065.info
	modified:   TestBase/Library/metadata/4a/4a1646cf39026224c85ecba92d7d6948
	modified:   TestBase/Library/metadata/4a/4a1646cf39026224c85ecba92d7d6948.info
	modified:   TestBase/Library/metadata/4a/4a6cb6df3d6cff74b9ddd64754959580
	modified:   TestBase/Library/metadata/4a/4a6cb6df3d6cff74b9ddd64754959580.info
	modified:   TestBase/Library/metadata/4a/4aaaf7fac3bb3ba4fafb81137da9cc1b
	modified:   TestBase/Library/metadata/4a/4aaaf7fac3bb3ba4fafb81137da9cc1b.info
	modified:   TestBase/Library/metadata/4a/4ad4f7167d4983147ad870f93ebc9416
	modified:   TestBase/Library/metadata/4a/4ad4f7167d4983147ad870f93ebc9416.info
	modified:   TestBase/Library/metadata/4b/4bd306fb019924f48b1b10a481e726b5
	modified:   TestBase/Library/metadata/4b/4bd306fb019924f48b1b10a481e726b5.info
	modified:   TestBase/Library/metadata/4e/4e2feebfcaa26a54ab19f1ff3e0eae35
	modified:   TestBase/Library/metadata/4e/4e2feebfcaa26a54ab19f1ff3e0eae35.info
	modified:   TestBase/Library/metadata/4e/4e7c964fa5e07024c8bf1debecc3b7c8
	modified:   TestBase/Library/metadata/4e/4e7c964fa5e07024c8bf1debecc3b7c8.info
	modified:   TestBase/Library/metadata/4f/4f0639ff8bc42314d8d62ee0f7ba541f
	modified:   TestBase/Library/metadata/4f/4f0639ff8bc42314d8d62ee0f7ba541f.info
	modified:   TestBase/Library/metadata/4f/4f583f31af7edcb46ab6ed27853c68b4
	modified:   TestBase/Library/metadata/4f/4f583f31af7edcb46ab6ed27853c68b4.info
	modified:   TestBase/Library/metadata/4f/4f9d106a1e4d45b468b980311947a225
	modified:   TestBase/Library/metadata/4f/4f9d106a1e4d45b468b980311947a225.info
	modified:   TestBase/Library/metadata/50/5053fe97a7657b5418b0c307b7338b0c
	modified:   TestBase/Library/metadata/50/5053fe97a7657b5418b0c307b7338b0c.info
	modified:   TestBase/Library/metadata/50/508731e91dfe1644895ceaaf71d65b76
	modified:   TestBase/Library/metadata/50/508731e91dfe1644895ceaaf71d65b76.info
	modified:   TestBase/Library/metadata/51/51036c61bd222d9469b4e94cc89cceae
	modified:   TestBase/Library/metadata/51/51036c61bd222d9469b4e94cc89cceae.info
	modified:   TestBase/Library/metadata/51/51521723caf373a458efb5a6f8cb03f6
	modified:   TestBase/Library/metadata/51/51521723caf373a458efb5a6f8cb03f6.info
	modified:   TestBase/Library/metadata/51/51bea3562b0b705439fd16288342e2d7
	modified:   TestBase/Library/metadata/51/51bea3562b0b705439fd16288342e2d7.info
	modified:   TestBase/Library/metadata/52/522dbfcc6c916df4396f14f35048d185
	modified:   TestBase/Library/metadata/52/522dbfcc6c916df4396f14f35048d185.info
	modified:   TestBase/Library/metadata/52/52b12ec801461494185a4d3dc66f3d1d
	modified:   TestBase/Library/metadata/52/52b12ec801461494185a4d3dc66f3d1d.info
	modified:   TestBase/Library/metadata/53/5320d710f1b197048880d627e5a0d362
	modified:   TestBase/Library/metadata/53/5320d710f1b197048880d627e5a0d362.info
	modified:   TestBase/Library/metadata/54/54d41b08afeefd44292ae69c4a235aa9
	modified:   TestBase/Library/metadata/54/54d41b08afeefd44292ae69c4a235aa9.info
	modified:   TestBase/Library/metadata/55/55bee0cfc3be8b04383bb6253a7d1f49
	modified:   TestBase/Library/metadata/55/55bee0cfc3be8b04383bb6253a7d1f49.info
	modified:   TestBase/Library/metadata/56/561b2daf45857734dbad43f0b809d884
	modified:   TestBase/Library/metadata/56/561b2daf45857734dbad43f0b809d884.info
	modified:   TestBase/Library/metadata/56/565cbbed27837fe4e92583c9a537b9ba
	modified:   TestBase/Library/metadata/56/565cbbed27837fe4e92583c9a537b9ba.info
	modified:   TestBase/Library/metadata/56/569738215647f7044b17a797da3ca9b6
	modified:   TestBase/Library/metadata/56/569738215647f7044b17a797da3ca9b6.info
	modified:   TestBase/Library/metadata/57/57281c00bdd90ad4392f811f2b9f0da1
	modified:   TestBase/Library/metadata/57/57281c00bdd90ad4392f811f2b9f0da1.info
	modified:   TestBase/Library/metadata/57/57484171e9b9c7243aa3117bc663e7b9
	modified:   TestBase/Library/metadata/57/57484171e9b9c7243aa3117bc663e7b9.info
	modified:   TestBase/Library/metadata/57/57b57f94df266f94ea0981915a4472e1
	modified:   TestBase/Library/metadata/57/57b57f94df266f94ea0981915a4472e1.info
	modified:   TestBase/Library/metadata/58/58e3a9b80754b7545a1dff4d8475b51f
	modified:   TestBase/Library/metadata/58/58e3a9b80754b7545a1dff4d8475b51f.info
	modified:   TestBase/Library/metadata/58/58f8dd10ca13b74429bf0d23f8e80bca
	modified:   TestBase/Library/metadata/58/58f8dd10ca13b74429bf0d23f8e80bca.info
	modified:   TestBase/Library/metadata/5a/5a3598dafa118754db95756064347da7
	modified:   TestBase/Library/metadata/5a/5a3598dafa118754db95756064347da7.info
	modified:   TestBase/Library/metadata/5b/5b1177a2dc3917f4fb46482532178731
	modified:   TestBase/Library/metadata/5b/5b1177a2dc3917f4fb46482532178731.info
	modified:   TestBase/Library/metadata/5b/5bb0631368b462047869d8788673cb48
	modified:   TestBase/Library/metadata/5b/5bb0631368b462047869d8788673cb48.info
	modified:   TestBase/Library/metadata/5c/5c0a5c36970a46e4d8378760ab4a4cfc
	modified:   TestBase/Library/metadata/5c/5c0a5c36970a46e4d8378760ab4a4cfc.info
	modified:   TestBase/Library/metadata/5c/5c60df38c5334a249b38ac8cddc6433b
	modified:   TestBase/Library/metadata/5c/5c60df38c5334a249b38ac8cddc6433b.info
	modified:   TestBase/Library/metadata/5c/5ca44c2eb8585174f9e94a67c22c68ec
	modified:   TestBase/Library/metadata/5c/5ca44c2eb8585174f9e94a67c22c68ec.info
	modified:   TestBase/Library/metadata/5c/5ca7c05342912804eb0a2fd5bbe85b58
	modified:   TestBase/Library/metadata/5c/5ca7c05342912804eb0a2fd5bbe85b58.info
	modified:   TestBase/Library/metadata/5d/5d6edb328bfcef44a9d1bf852e5724bc
	modified:   TestBase/Library/metadata/5d/5d6edb328bfcef44a9d1bf852e5724bc.info
	modified:   TestBase/Library/metadata/5e/5ee6373f08d05c74091a6b630b12ea82
	modified:   TestBase/Library/metadata/5e/5ee6373f08d05c74091a6b630b12ea82.info
	modified:   TestBase/Library/metadata/5f/5f32cd94baa94578a686d4b9d6b660f7
	modified:   TestBase/Library/metadata/5f/5f32cd94baa94578a686d4b9d6b660f7.info
	modified:   TestBase/Library/metadata/62/624423be326fb1047bb3fc6624faec9e
	modified:   TestBase/Library/metadata/62/624423be326fb1047bb3fc6624faec9e.info
	modified:   TestBase/Library/metadata/62/625e42c7e7a309a4ca7734573d2a33e7
	modified:   TestBase/Library/metadata/62/625e42c7e7a309a4ca7734573d2a33e7.info
	modified:   TestBase/Library/metadata/62/62bd48afd49ac0742a0bef3fe6abc605
	modified:   TestBase/Library/metadata/62/62bd48afd49ac0742a0bef3fe6abc605.info
	modified:   TestBase/Library/metadata/63/63212ccaf5776bd489cba58fb67a2233
	modified:   TestBase/Library/metadata/63/63212ccaf5776bd489cba58fb67a2233.info
	modified:   TestBase/Library/metadata/63/63ebdae0a37972640b8d92420963d6c1
	modified:   TestBase/Library/metadata/63/63ebdae0a37972640b8d92420963d6c1.info
	modified:   TestBase/Library/metadata/64/64a66fecd89237b478156e7cc4d2da4a
	modified:   TestBase/Library/metadata/64/64a66fecd89237b478156e7cc4d2da4a.info
	modified:   TestBase/Library/metadata/66/66988de88a15abd4e8846c6805485f57
	modified:   TestBase/Library/metadata/66/66988de88a15abd4e8846c6805485f57.info
	modified:   TestBase/Library/metadata/66/66a791f8ef033b7468029d2dd4be1b34
	modified:   TestBase/Library/metadata/66/66a791f8ef033b7468029d2dd4be1b34.info
	modified:   TestBase/Library/metadata/66/66f26816f1058864b87cbe171e3d14a9
	modified:   TestBase/Library/metadata/66/66f26816f1058864b87cbe171e3d14a9.info
	modified:   TestBase/Library/metadata/67/670a3cefa3853bd48b5da53a424fd542
	modified:   TestBase/Library/metadata/67/670a3cefa3853bd48b5da53a424fd542.info
	modified:   TestBase/Library/metadata/67/67418e462bd4dc24e8c234b92f1d4d9b
	modified:   TestBase/Library/metadata/67/67418e462bd4dc24e8c234b92f1d4d9b.info
	modified:   TestBase/Library/metadata/67/6784578d5bff05e4eb065107d2cadd6a
	modified:   TestBase/Library/metadata/67/6784578d5bff05e4eb065107d2cadd6a.info
	modified:   TestBase/Library/metadata/68/687d9be457ea4eb44bf09c35c95ee5cd
	modified:   TestBase/Library/metadata/68/687d9be457ea4eb44bf09c35c95ee5cd.info
	modified:   TestBase/Library/metadata/68/68defdbc95b30a74a9ad396bfc9a2277
	modified:   TestBase/Library/metadata/68/68defdbc95b30a74a9ad396bfc9a2277.info
	modified:   TestBase/Library/metadata/69/697876a3b3c4f024ebc85d840766353a
	modified:   TestBase/Library/metadata/69/697876a3b3c4f024ebc85d840766353a.info
	modified:   TestBase/Library/metadata/69/697a099f1524ff04f805b90fde1ac14f
	modified:   TestBase/Library/metadata/69/697a099f1524ff04f805b90fde1ac14f.info
	modified:   TestBase/Library/metadata/6a/6a9ca5213a3a4614c9a9f2e60909bc33
	modified:   TestBase/Library/metadata/6a/6a9ca5213a3a4614c9a9f2e60909bc33.info
	modified:   TestBase/Library/metadata/6a/6afa4952627478a44995c3cdf2e96a24
	modified:   TestBase/Library/metadata/6a/6afa4952627478a44995c3cdf2e96a24.info
	modified:   TestBase/Library/metadata/6b/6bc52290ef03f2846ba38d67e2823598
	modified:   TestBase/Library/metadata/6b/6bc52290ef03f2846ba38d67e2823598.info
	modified:   TestBase/Library/metadata/6b/6be9cbac7529e734ab3d6093239f6bec
	modified:   TestBase/Library/metadata/6b/6be9cbac7529e734ab3d6093239f6bec.info
	modified:   TestBase/Library/metadata/6d/6dacac5b0719fb34ab506692523ab6f4
	modified:   TestBase/Library/metadata/6d/6dacac5b0719fb34ab506692523ab6f4.info
	modified:   TestBase/Library/metadata/6d/6df2d8b571e22504284108b691b4a3cd
	modified:   TestBase/Library/metadata/6d/6df2d8b571e22504284108b691b4a3cd.info
	modified:   TestBase/Library/metadata/6e/6e55c8477eccddc4cb5c3551a3945ca7
	modified:   TestBase/Library/metadata/6e/6e55c8477eccddc4cb5c3551a3945ca7.info
	modified:   TestBase/Library/metadata/6e/6ec1be595023f154da3773ab65bbf09b
	modified:   TestBase/Library/metadata/6e/6ec1be595023f154da3773ab65bbf09b.info
	modified:   TestBase/Library/metadata/6f/6f86779b1deba7c4aaec1f5895510b57
	modified:   TestBase/Library/metadata/6f/6f86779b1deba7c4aaec1f5895510b57.info
	modified:   TestBase/Library/metadata/6f/6f9fce8f7fe308a4e8031d16f36da1e7
	modified:   TestBase/Library/metadata/6f/6f9fce8f7fe308a4e8031d16f36da1e7.info
	modified:   TestBase/Library/metadata/6f/6fe8b327d2ab4bd438a63ffec150a911
	modified:   TestBase/Library/metadata/6f/6fe8b327d2ab4bd438a63ffec150a911.info
	modified:   TestBase/Library/metadata/70/700a0a62306a8954b8933538790e20a5
	modified:   TestBase/Library/metadata/70/700a0a62306a8954b8933538790e20a5.info
	modified:   TestBase/Library/metadata/72/720a8c67c35dae549bc8be97b2eb8d6f
	modified:   TestBase/Library/metadata/72/720a8c67c35dae549bc8be97b2eb8d6f.info
	modified:   TestBase/Library/metadata/72/7220dc1e8d545e849a2eb63e8633349b
	modified:   TestBase/Library/metadata/72/7220dc1e8d545e849a2eb63e8633349b.info
	modified:   TestBase/Library/metadata/73/7331ed74a9bdd53498b121f6614b5315
	modified:   TestBase/Library/metadata/73/7331ed74a9bdd53498b121f6614b5315.info
	modified:   TestBase/Library/metadata/73/739bbd9f364b4268874f9fd86ab3beef
	modified:   TestBase/Library/metadata/73/739bbd9f364b4268874f9fd86ab3beef.info
	modified:   TestBase/Library/metadata/74/744873c6ff918e8489f98db3aadce2b7
	modified:   TestBase/Library/metadata/74/744873c6ff918e8489f98db3aadce2b7.info
	modified:   TestBase/Library/metadata/75/750c6961f7fd8c347b34a35aa4bd4786
	modified:   TestBase/Library/metadata/75/750c6961f7fd8c347b34a35aa4bd4786.info
	modified:   TestBase/Library/metadata/75/754d724c1bd750048852e8cf3d4a05ee
	modified:   TestBase/Library/metadata/75/754d724c1bd750048852e8cf3d4a05ee.info
	modified:   TestBase/Library/metadata/76/76506fa7fbeed084ab2dfb084648c628
	modified:   TestBase/Library/metadata/76/76506fa7fbeed084ab2dfb084648c628.info
	modified:   TestBase/Library/metadata/78/781546f478bfba64690a26b6bd79bcf8
	modified:   TestBase/Library/metadata/78/781546f478bfba64690a26b6bd79bcf8.info
	modified:   TestBase/Library/metadata/78/7820c1c2b0e52c6408de899d6939996e
	modified:   TestBase/Library/metadata/78/7820c1c2b0e52c6408de899d6939996e.info
	modified:   TestBase/Library/metadata/78/78249c0c55fa43944891faa60ba30fb4
	modified:   TestBase/Library/metadata/78/78249c0c55fa43944891faa60ba30fb4.info
	modified:   TestBase/Library/metadata/78/782ff6666972f044ca4132a99e105a87
	modified:   TestBase/Library/metadata/78/782ff6666972f044ca4132a99e105a87.info
	modified:   TestBase/Library/metadata/78/78bb57314bc7ef04888ed4a0bc0faa69
	modified:   TestBase/Library/metadata/78/78bb57314bc7ef04888ed4a0bc0faa69.info
	modified:   TestBase/Library/metadata/79/796dd40d1d0fdef419825940133a832c
	modified:   TestBase/Library/metadata/79/796dd40d1d0fdef419825940133a832c.info
	modified:   TestBase/Library/metadata/7a/7a1479a4c0f5f4d418c28d3e5929dfb6
	modified:   TestBase/Library/metadata/7a/7a1479a4c0f5f4d418c28d3e5929dfb6.info
	modified:   TestBase/Library/metadata/7a/7a709e690449c1b40b198bb86f707c41
	modified:   TestBase/Library/metadata/7a/7a709e690449c1b40b198bb86f707c41.info
	modified:   TestBase/Library/metadata/7a/7ab94f7d98c447544b6f7c15709c1fd6
	modified:   TestBase/Library/metadata/7a/7ab94f7d98c447544b6f7c15709c1fd6.info
	modified:   TestBase/Library/metadata/7b/7b9c233069fa3c944811ca969b35821d
	modified:   TestBase/Library/metadata/7b/7b9c233069fa3c944811ca969b35821d.info
	deleted:    TestBase/Library/metadata/7c/7cbab2be89b54486bbd23a6fe637d30e
	deleted:    TestBase/Library/metadata/7c/7cbab2be89b54486bbd23a6fe637d30e.info
	modified:   TestBase/Library/metadata/7d/7d57f7baec27b3140a00c1decf708992
	modified:   TestBase/Library/metadata/7d/7d57f7baec27b3140a00c1decf708992.info
	modified:   TestBase/Library/metadata/7d/7d6554e527920434bacb63fb9cfcf83c
	modified:   TestBase/Library/metadata/7d/7d6554e527920434bacb63fb9cfcf83c.info
	modified:   TestBase/Library/metadata/7e/7e4c78796fa7db5429044d56cbd53d71
	modified:   TestBase/Library/metadata/7e/7e4c78796fa7db5429044d56cbd53d71.info
	modified:   TestBase/Library/metadata/7e/7e94de61704bcb248a88ba46321731ba
	modified:   TestBase/Library/metadata/7e/7e94de61704bcb248a88ba46321731ba.info
	modified:   TestBase/Library/metadata/7f/7f726fb798ad621458c431cb9966d91d
	modified:   TestBase/Library/metadata/7f/7f726fb798ad621458c431cb9966d91d.info
	modified:   TestBase/Library/metadata/80/803c2e614a63081439fde6276d110661
	modified:   TestBase/Library/metadata/80/803c2e614a63081439fde6276d110661.info
	modified:   TestBase/Library/metadata/80/8048ffbf61700434897bdc677a267fb5
	modified:   TestBase/Library/metadata/80/8048ffbf61700434897bdc677a267fb5.info
	modified:   TestBase/Library/metadata/80/8059cdefcf15d4d428dfdb3201149e2d
	modified:   TestBase/Library/metadata/80/8059cdefcf15d4d428dfdb3201149e2d.info
	modified:   TestBase/Library/metadata/80/8081645919d7b2f47a022a650dc6b38a
	modified:   TestBase/Library/metadata/80/8081645919d7b2f47a022a650dc6b38a.info
	modified:   TestBase/Library/metadata/80/80a3616ca19596e4da0f10f14d241e9f
	modified:   TestBase/Library/metadata/80/80a3616ca19596e4da0f10f14d241e9f.info
	modified:   TestBase/Library/metadata/81/8179ddd20a15b8d4f85e42a9c6b3b319
	modified:   TestBase/Library/metadata/81/8179ddd20a15b8d4f85e42a9c6b3b319.info
	modified:   TestBase/Library/metadata/83/8322793223a533a4ca8be6f430256dfc
	modified:   TestBase/Library/metadata/83/8322793223a533a4ca8be6f430256dfc.info
	modified:   TestBase/Library/metadata/83/83b7f9bcaa05c1040b06f36f6d28828c
	modified:   TestBase/Library/metadata/83/83b7f9bcaa05c1040b06f36f6d28828c.info
	modified:   TestBase/Library/metadata/84/849a7739a7df0754882fcb34c09df4c1
	modified:   TestBase/Library/metadata/84/849a7739a7df0754882fcb34c09df4c1.info
	modified:   TestBase/Library/metadata/84/84d7584b13ea3eb4dbd97cedcf481681
	modified:   TestBase/Library/metadata/84/84d7584b13ea3eb4dbd97cedcf481681.info
	modified:   TestBase/Library/metadata/85/850ff16a039121a48a7cf86e301ef1fa
	modified:   TestBase/Library/metadata/85/850ff16a039121a48a7cf86e301ef1fa.info
	modified:   TestBase/Library/metadata/85/852e56802eb941638acbb491814497b0
	modified:   TestBase/Library/metadata/85/852e56802eb941638acbb491814497b0.info
	modified:   TestBase/Library/metadata/86/860c885c64ff209438daad690a9287b6
	modified:   TestBase/Library/metadata/86/860c885c64ff209438daad690a9287b6.info
	modified:   TestBase/Library/metadata/87/870353891bb340e2b2a9c8707e7419ba
	modified:   TestBase/Library/metadata/87/870353891bb340e2b2a9c8707e7419ba.info
	modified:   TestBase/Library/metadata/88/88c36622e361e854f91a93f0f02930e5
	modified:   TestBase/Library/metadata/88/88c36622e361e854f91a93f0f02930e5.info
	modified:   TestBase/Library/metadata/8b/8b0d38dc0b91fb443a41838d475ae49b
	modified:   TestBase/Library/metadata/8b/8b0d38dc0b91fb443a41838d475ae49b.info
	modified:   TestBase/Library/metadata/8b/8bd14c7643597a74ba2edc10a5e4c4ed
	modified:   TestBase/Library/metadata/8b/8bd14c7643597a74ba2edc10a5e4c4ed.info
	modified:   TestBase/Library/metadata/8b/8bf38627132b0bc4c9a5824b876167f6
	modified:   TestBase/Library/metadata/8b/8bf38627132b0bc4c9a5824b876167f6.info
	modified:   TestBase/Library/metadata/8c/8c08c70116541e942b510d4ac6a728e7
	modified:   TestBase/Library/metadata/8c/8c08c70116541e942b510d4ac6a728e7.info
	modified:   TestBase/Library/metadata/8c/8c3c258a4456de54292c07a1645bad6d
	modified:   TestBase/Library/metadata/8c/8c3c258a4456de54292c07a1645bad6d.info
	modified:   TestBase/Library/metadata/8d/8d970daea81f33648ae2d84ab59c88d4
	modified:   TestBase/Library/metadata/8d/8d970daea81f33648ae2d84ab59c88d4.info
	modified:   TestBase/Library/metadata/8e/8e0cd8ed44d4412cbe0642067abc9e44
	modified:   TestBase/Library/metadata/8e/8e0cd8ed44d4412cbe0642067abc9e44.info
	modified:   TestBase/Library/metadata/8e/8e7f665e88c4af14c83f1057b264ae8b
	modified:   TestBase/Library/metadata/8e/8e7f665e88c4af14c83f1057b264ae8b.info
	modified:   TestBase/Library/metadata/90/90521ce59f8174a43a0fc19f66442734
	modified:   TestBase/Library/metadata/90/90521ce59f8174a43a0fc19f66442734.info
	modified:   TestBase/Library/metadata/91/913475501bf19374c84390868a9d6d3d
	modified:   TestBase/Library/metadata/91/913475501bf19374c84390868a9d6d3d.info
	modified:   TestBase/Library/metadata/91/9137d39d0185a484496ca192afeb2cc9
	modified:   TestBase/Library/metadata/91/9137d39d0185a484496ca192afeb2cc9.info
	modified:   TestBase/Library/metadata/92/9217dcbcf6072a347b5c3e09f19026d1
	modified:   TestBase/Library/metadata/92/9217dcbcf6072a347b5c3e09f19026d1.info
	modified:   TestBase/Library/metadata/93/93dd51e45ca6cc44b874d0e2c91d2c0b
	modified:   TestBase/Library/metadata/93/93dd51e45ca6cc44b874d0e2c91d2c0b.info
	modified:   TestBase/Library/metadata/93/93fe7a1107388644ebf8be51df325447
	modified:   TestBase/Library/metadata/93/93fe7a1107388644ebf8be51df325447.info
	modified:   TestBase/Library/metadata/94/940daeace1c8d1f429ef7f774b497b58
	modified:   TestBase/Library/metadata/94/940daeace1c8d1f429ef7f774b497b58.info
	modified:   TestBase/Library/metadata/94/94d8fc3486c15224897c9ee949d0c228
	modified:   TestBase/Library/metadata/94/94d8fc3486c15224897c9ee949d0c228.info
	modified:   TestBase/Library/metadata/95/95234f0f778cc5d42966cc0076b74640
	modified:   TestBase/Library/metadata/95/95234f0f778cc5d42966cc0076b74640.info
	modified:   TestBase/Library/metadata/95/955aed20030d0504b8a9c6934a5cb47a
	modified:   TestBase/Library/metadata/95/955aed20030d0504b8a9c6934a5cb47a.info
	modified:   TestBase/Library/metadata/95/955f313cb7d3640468e90e81b6d77e5a
	modified:   TestBase/Library/metadata/95/955f313cb7d3640468e90e81b6d77e5a.info
	modified:   TestBase/Library/metadata/95/95c98e245823e2243a1d8e7a1ef16c51
	modified:   TestBase/Library/metadata/95/95c98e245823e2243a1d8e7a1ef16c51.info
	modified:   TestBase/Library/metadata/95/95e8fc8d77f245a49884429d74b5d93b
	modified:   TestBase/Library/metadata/95/95e8fc8d77f245a49884429d74b5d93b.info
	deleted:    TestBase/Library/metadata/96/9671f7aeaf6b731428a63535638cadc5
	deleted:    TestBase/Library/metadata/96/9671f7aeaf6b731428a63535638cadc5.info
	modified:   TestBase/Library/metadata/97/97a43f11e00735147a9dc3dff6d68191
	modified:   TestBase/Library/metadata/97/97a43f11e00735147a9dc3dff6d68191.info
	modified:   TestBase/Library/metadata/97/97decbdab0634cdd991f8d23ddf0dead
	modified:   TestBase/Library/metadata/97/97decbdab0634cdd991f8d23ddf0dead.info
	modified:   TestBase/Library/metadata/98/985e2f79d398b834d8573a37ec3c1b0e
	modified:   TestBase/Library/metadata/98/985e2f79d398b834d8573a37ec3c1b0e.info
	modified:   TestBase/Library/metadata/9a/9ab9bdbda020b3e46b5a3b0558ef591d
	modified:   TestBase/Library/metadata/9a/9ab9bdbda020b3e46b5a3b0558ef591d.info
	modified:   TestBase/Library/metadata/9a/9afdb740ae0deb74a8906a353b597a03
	modified:   TestBase/Library/metadata/9a/9afdb740ae0deb74a8906a353b597a03.info
	modified:   TestBase/Library/metadata/a0/a0a97d96245608d43be03223ebfbc185
	modified:   TestBase/Library/metadata/a0/a0a97d96245608d43be03223ebfbc185.info
	modified:   TestBase/Library/metadata/a0/a0cee0de78cef7440ae0b5aac39ae971
	modified:   TestBase/Library/metadata/a0/a0cee0de78cef7440ae0b5aac39ae971.info
	modified:   TestBase/Library/metadata/a0/a0deee17ee93fb047a1b70bc302c4dd6
	modified:   TestBase/Library/metadata/a0/a0deee17ee93fb047a1b70bc302c4dd6.info
	modified:   TestBase/Library/metadata/a1/a11301aad15ed6b4995485a02a81b132
	modified:   TestBase/Library/metadata/a1/a11301aad15ed6b4995485a02a81b132.info
	modified:   TestBase/Library/metadata/a1/a1fd8daaed7b64148a34acb96ba14ce1
	modified:   TestBase/Library/metadata/a1/a1fd8daaed7b64148a34acb96ba14ce1.info
	modified:   TestBase/Library/metadata/a2/a2fe06145587d7d4aa5401f895adbb14
	modified:   TestBase/Library/metadata/a2/a2fe06145587d7d4aa5401f895adbb14.info
	modified:   TestBase/Library/metadata/a3/a309a2e14638a204091b915126910f45
	modified:   TestBase/Library/metadata/a3/a309a2e14638a204091b915126910f45.info
	modified:   TestBase/Library/metadata/a3/a3bb3d0337c33a1409d25554f16fb152
	modified:   TestBase/Library/metadata/a3/a3bb3d0337c33a1409d25554f16fb152.info
	modified:   TestBase/Library/metadata/a4/a4a6f95de6c4e98489c80c02ff1e739e
	modified:   TestBase/Library/metadata/a4/a4a6f95de6c4e98489c80c02ff1e739e.info
	modified:   TestBase/Library/metadata/a5/a52f55dbd0801ad48a3936a2b6442080
	modified:   TestBase/Library/metadata/a5/a52f55dbd0801ad48a3936a2b6442080.info
	modified:   TestBase/Library/metadata/a5/a5967d74cd1f3c741ba7758da7511bcf
	modified:   TestBase/Library/metadata/a5/a5967d74cd1f3c741ba7758da7511bcf.info
	modified:   TestBase/Library/metadata/a5/a5b90df955eb8c2429ac67c8b2de6c5c
	modified:   TestBase/Library/metadata/a5/a5b90df955eb8c2429ac67c8b2de6c5c.info
	modified:   TestBase/Library/metadata/a6/a600a6c5b27f0444098dce7e312e4419
	modified:   TestBase/Library/metadata/a6/a600a6c5b27f0444098dce7e312e4419.info
	modified:   TestBase/Library/metadata/a6/a6b194f808b1af6499c93410e504af42
	modified:   TestBase/Library/metadata/a6/a6b194f808b1af6499c93410e504af42.info
	modified:   TestBase/Library/metadata/a7/a751a9d1e3e26d64d997b66a781df8e9
	modified:   TestBase/Library/metadata/a7/a751a9d1e3e26d64d997b66a781df8e9.info
	modified:   TestBase/Library/metadata/a7/a7b3fda2a1552324fa67150081da3f35
	modified:   TestBase/Library/metadata/a7/a7b3fda2a1552324fa67150081da3f35.info
	modified:   TestBase/Library/metadata/a7/a7b480b941568134891f411137bfbf55
	modified:   TestBase/Library/metadata/a7/a7b480b941568134891f411137bfbf55.info
	modified:   TestBase/Library/metadata/a9/a9756835035f7454590d149460f32f57
	modified:   TestBase/Library/metadata/a9/a9756835035f7454590d149460f32f57.info
	modified:   TestBase/Library/metadata/a9/a9d85e8796d75384199c06f6fdbb0d73
	modified:   TestBase/Library/metadata/a9/a9d85e8796d75384199c06f6fdbb0d73.info
	modified:   TestBase/Library/metadata/ab/ab7deb209a754a04caa07b62ac11bde2
	modified:   TestBase/Library/metadata/ab/ab7deb209a754a04caa07b62ac11bde2.info
	modified:   TestBase/Library/metadata/ad/adebbd281f1a4ef3a30be7f21937e02f
	modified:   TestBase/Library/metadata/ad/adebbd281f1a4ef3a30be7f21937e02f.info
	modified:   TestBase/Library/metadata/ae/aee0b0847340b594cba817902abeec0d
	modified:   TestBase/Library/metadata/ae/aee0b0847340b594cba817902abeec0d.info
	modified:   TestBase/Library/metadata/af/af15248360377b0489f033c3b49ea8d3
	modified:   TestBase/Library/metadata/af/af15248360377b0489f033c3b49ea8d3.info
	modified:   TestBase/Library/metadata/af/af5e86c10d52bad43b0b62542815f199
	modified:   TestBase/Library/metadata/af/af5e86c10d52bad43b0b62542815f199.info
	modified:   TestBase/Library/metadata/af/afde57cc4fd39bb4dbd61b73403ae6a8
	modified:   TestBase/Library/metadata/af/afde57cc4fd39bb4dbd61b73403ae6a8.info
	modified:   TestBase/Library/metadata/b0/b04b8c6e4c57e78449f243c27617a2cd
	modified:   TestBase/Library/metadata/b0/b04b8c6e4c57e78449f243c27617a2cd.info
	modified:   TestBase/Library/metadata/b0/b075ad1d14f5db64b941d266e53de57d
	modified:   TestBase/Library/metadata/b0/b075ad1d14f5db64b941d266e53de57d.info
	modified:   TestBase/Library/metadata/b2/b238dfcde8209044b97d23f62bcaadf6
	modified:   TestBase/Library/metadata/b2/b238dfcde8209044b97d23f62bcaadf6.info
	modified:   TestBase/Library/metadata/b2/b29bbacbc2368c94a9c942d176ac6f59
	modified:   TestBase/Library/metadata/b2/b29bbacbc2368c94a9c942d176ac6f59.info
	modified:   TestBase/Library/metadata/b2/b2e28e373670a3b4a86bbf6fbe4655e9
	modified:   TestBase/Library/metadata/b2/b2e28e373670a3b4a86bbf6fbe4655e9.info
	modified:   TestBase/Library/metadata/b3/b3ae20b4bcc31f645afd6f5b64f82473
	modified:   TestBase/Library/metadata/b3/b3ae20b4bcc31f645afd6f5b64f82473.info
	modified:   TestBase/Library/metadata/b4/b45af8274af38bc4d89d98c04eb08835
	modified:   TestBase/Library/metadata/b4/b45af8274af38bc4d89d98c04eb08835.info
	modified:   TestBase/Library/metadata/b4/b4b8457d6cb8fec49a40be5b71d79e51
	modified:   TestBase/Library/metadata/b4/b4b8457d6cb8fec49a40be5b71d79e51.info
	modified:   TestBase/Library/metadata/b5/b5d77f62d0e6e134191e4542dc02eabd
	modified:   TestBase/Library/metadata/b5/b5d77f62d0e6e134191e4542dc02eabd.info
	modified:   TestBase/Library/metadata/b5/b5dcc7fa8642b954d84c62eac4a05839
	modified:   TestBase/Library/metadata/b5/b5dcc7fa8642b954d84c62eac4a05839.info
	modified:   TestBase/Library/metadata/b6/b6dd0b99faf3aeb4d803eb9989cb369c
	modified:   TestBase/Library/metadata/b6/b6dd0b99faf3aeb4d803eb9989cb369c.info
	modified:   TestBase/Library/metadata/b9/b9a3aac5469a8714fbd87b3208ccbaf7
	modified:   TestBase/Library/metadata/b9/b9a3aac5469a8714fbd87b3208ccbaf7.info
	modified:   TestBase/Library/metadata/b9/b9ae310595c646944a1268f51fb389a4
	modified:   TestBase/Library/metadata/b9/b9ae310595c646944a1268f51fb389a4.info
	modified:   TestBase/Library/metadata/b9/b9fa6e9030c5f1b4989266bce059d6a3
	modified:   TestBase/Library/metadata/b9/b9fa6e9030c5f1b4989266bce059d6a3.info
	modified:   TestBase/Library/metadata/bb/bb7efadcd6174e141aef34736045aa54
	modified:   TestBase/Library/metadata/bb/bb7efadcd6174e141aef34736045aa54.info
	modified:   TestBase/Library/metadata/bb/bb9fb741524107d4bb0ea017a1bcb3f0
	modified:   TestBase/Library/metadata/bb/bb9fb741524107d4bb0ea017a1bcb3f0.info
	modified:   TestBase/Library/metadata/bb/bbe590bbe8dcb7e43be311299e106e5e
	modified:   TestBase/Library/metadata/bb/bbe590bbe8dcb7e43be311299e106e5e.info
	modified:   TestBase/Library/metadata/bd/bd4b09ba040751b43954425a38cd6ede
	modified:   TestBase/Library/metadata/bd/bd4b09ba040751b43954425a38cd6ede.info
	modified:   TestBase/Library/metadata/bd/bd83c75f51f5e23498ae22ffcdfe92c3
	modified:   TestBase/Library/metadata/bd/bd83c75f51f5e23498ae22ffcdfe92c3.info
	modified:   TestBase/Library/metadata/bd/bdfc7a081d52b68499e44aa82689a73d
	modified:   TestBase/Library/metadata/bd/bdfc7a081d52b68499e44aa82689a73d.info
	modified:   TestBase/Library/metadata/bf/bfaea6b7e7f52bc46b8d1c3cb5e9eaa1
	modified:   TestBase/Library/metadata/bf/bfaea6b7e7f52bc46b8d1c3cb5e9eaa1.info
	modified:   TestBase/Library/metadata/bf/bfd9f3d2607e9e44c97384d7575a17dc
	modified:   TestBase/Library/metadata/bf/bfd9f3d2607e9e44c97384d7575a17dc.info
	modified:   TestBase/Library/metadata/c0/c0218f9f0a3cc144698dca06a3f59668
	modified:   TestBase/Library/metadata/c0/c0218f9f0a3cc144698dca06a3f59668.info
	modified:   TestBase/Library/metadata/c3/c34d92bb58dd1a14db9e89d6188087ea
	modified:   TestBase/Library/metadata/c3/c34d92bb58dd1a14db9e89d6188087ea.info
	modified:   TestBase/Library/metadata/c5/c5673b83016f67a4c99772dfb7b3c437
	modified:   TestBase/Library/metadata/c5/c5673b83016f67a4c99772dfb7b3c437.info
	modified:   TestBase/Library/metadata/c5/c574489dd067c2b4cb4dc165a4c410cc
	modified:   TestBase/Library/metadata/c5/c574489dd067c2b4cb4dc165a4c410cc.info
	modified:   TestBase/Library/metadata/c7/c71ca35fd6241cb49a0b0756a664fcf7
	modified:   TestBase/Library/metadata/c7/c71ca35fd6241cb49a0b0756a664fcf7.info
	modified:   TestBase/Library/metadata/c7/c7f661c0d47f631438d4608f740c4922
	modified:   TestBase/Library/metadata/c7/c7f661c0d47f631438d4608f740c4922.info
	modified:   TestBase/Library/metadata/c8/c888ce38da699d143a68153f26379a37
	modified:   TestBase/Library/metadata/c8/c888ce38da699d143a68153f26379a37.info
	modified:   TestBase/Library/metadata/c9/c95a670c56447c644a0f062e4cdd448e
	modified:   TestBase/Library/metadata/c9/c95a670c56447c644a0f062e4cdd448e.info
	modified:   TestBase/Library/metadata/ca/ca0302d4243ea0a4c99740837a402f7d
	modified:   TestBase/Library/metadata/ca/ca0302d4243ea0a4c99740837a402f7d.info
	modified:   TestBase/Library/metadata/ca/ca3062090d7d58a4aaede606bc37c36b
	modified:   TestBase/Library/metadata/ca/ca3062090d7d58a4aaede606bc37c36b.info
	modified:   TestBase/Library/metadata/ca/ca8b2afffcabada499a012d949c52061
	modified:   TestBase/Library/metadata/ca/ca8b2afffcabada499a012d949c52061.info
	modified:   TestBase/Library/metadata/ca/ca9b3ce36d70a05408e3bdd5e92c7f64
	modified:   TestBase/Library/metadata/ca/ca9b3ce36d70a05408e3bdd5e92c7f64.info
	modified:   TestBase/Library/metadata/cc/cc51313c7b84e2747976199700a932c7
	modified:   TestBase/Library/metadata/cc/cc51313c7b84e2747976199700a932c7.info
	modified:   TestBase/Library/metadata/cd/cdf7c6b00467fad44915c02ea43fe3b5
	modified:   TestBase/Library/metadata/cd/cdf7c6b00467fad44915c02ea43fe3b5.info
	modified:   TestBase/Library/metadata/ce/ce216f51ebc1d3f40929f4e58d1c65e5
	modified:   TestBase/Library/metadata/ce/ce216f51ebc1d3f40929f4e58d1c65e5.info
	modified:   TestBase/Library/metadata/ce/ce2748455b4514d489a81921cc4b216c
	modified:   TestBase/Library/metadata/ce/ce2748455b4514d489a81921cc4b216c.info
	modified:   TestBase/Library/metadata/cf/cf21125cbd8928844a85a3ad9002693b
	modified:   TestBase/Library/metadata/cf/cf21125cbd8928844a85a3ad9002693b.info
	modified:   TestBase/Library/metadata/cf/cf832d4a857c27545bff51681de106c0
	modified:   TestBase/Library/metadata/cf/cf832d4a857c27545bff51681de106c0.info
	modified:   TestBase/Library/metadata/cf/cfeac06b8a6aa1645813700e3e4c0863
	modified:   TestBase/Library/metadata/cf/cfeac06b8a6aa1645813700e3e4c0863.info
	modified:   TestBase/Library/metadata/d0/d027ad02f8d4f8a479285e8136c016f3
	modified:   TestBase/Library/metadata/d0/d027ad02f8d4f8a479285e8136c016f3.info
	modified:   TestBase/Library/metadata/d0/d0fc5db9788bce4418ad3252d43faa8a
	modified:   TestBase/Library/metadata/d0/d0fc5db9788bce4418ad3252d43faa8a.info
	modified:   TestBase/Library/metadata/d1/d1de1604dfe4cb64c9d31246a8e43c78
	modified:   TestBase/Library/metadata/d1/d1de1604dfe4cb64c9d31246a8e43c78.info
	modified:   TestBase/Library/metadata/d2/d203247f338a8264597c8549f3936009
	modified:   TestBase/Library/metadata/d2/d203247f338a8264597c8549f3936009.info
	modified:   TestBase/Library/metadata/d2/d226a80acc775714aa78b85e16a00e9b
	modified:   TestBase/Library/metadata/d2/d226a80acc775714aa78b85e16a00e9b.info
	modified:   TestBase/Library/metadata/d2/d247ba06193faa74d9335f5481b2b56c
	modified:   TestBase/Library/metadata/d2/d247ba06193faa74d9335f5481b2b56c.info
	modified:   TestBase/Library/metadata/d2/d2899150110e7384badaef80d9f784ee
	modified:   TestBase/Library/metadata/d2/d2899150110e7384badaef80d9f784ee.info
	modified:   TestBase/Library/metadata/d2/d2985ed25d080c24e9766664d691fef2
	modified:   TestBase/Library/metadata/d2/d2985ed25d080c24e9766664d691fef2.info
	modified:   TestBase/Library/metadata/d3/d3e28e03018053443955647176029dfa
	modified:   TestBase/Library/metadata/d3/d3e28e03018053443955647176029dfa.info
	modified:   TestBase/Library/metadata/d3/d3fd378a944acdc499e20f36210ad151
	modified:   TestBase/Library/metadata/d3/d3fd378a944acdc499e20f36210ad151.info
	modified:   TestBase/Library/metadata/d4/d43e38db0e34033438474d0c01fd4404
	modified:   TestBase/Library/metadata/d4/d43e38db0e34033438474d0c01fd4404.info
	modified:   TestBase/Library/metadata/d4/d47a38a43d266364f92a24a9915d9217
	modified:   TestBase/Library/metadata/d4/d47a38a43d266364f92a24a9915d9217.info
	modified:   TestBase/Library/metadata/d5/d51ed5943e10bcb4394b5eec480293f8
	modified:   TestBase/Library/metadata/d5/d51ed5943e10bcb4394b5eec480293f8.info
	modified:   TestBase/Library/metadata/d5/d58543c96f991934ca874395eb40222c
	modified:   TestBase/Library/metadata/d5/d58543c96f991934ca874395eb40222c.info
	modified:   TestBase/Library/metadata/d5/d5fc231712b346f459c8583fa224a669
	modified:   TestBase/Library/metadata/d5/d5fc231712b346f459c8583fa224a669.info
	modified:   TestBase/Library/metadata/d8/d85018bfbaa1a484bb36432eb063bdb8
	modified:   TestBase/Library/metadata/d8/d85018bfbaa1a484bb36432eb063bdb8.info
	modified:   TestBase/Library/metadata/da/da573df32ef2f02438ea15f92f44ac01
	modified:   TestBase/Library/metadata/da/da573df32ef2f02438ea15f92f44ac01.info
	modified:   TestBase/Library/metadata/da/da6f6d414e43aac46a57cc5a87208db4
	modified:   TestBase/Library/metadata/da/da6f6d414e43aac46a57cc5a87208db4.info
	modified:   TestBase/Library/metadata/dc/dcae7523c93690f4c80520308eced1e2
	modified:   TestBase/Library/metadata/dc/dcae7523c93690f4c80520308eced1e2.info
	modified:   TestBase/Library/metadata/dc/dcc0f2dd2bf24ba4c882345138f946a7
	modified:   TestBase/Library/metadata/dc/dcc0f2dd2bf24ba4c882345138f946a7.info
	modified:   TestBase/Library/metadata/dc/dcec7e83ede679447afe26049deb2026
	modified:   TestBase/Library/metadata/dc/dcec7e83ede679447afe26049deb2026.info
	modified:   TestBase/Library/metadata/dd/ddb89f63d0296cf4f8572b0448bb6b30
	modified:   TestBase/Library/metadata/dd/ddb89f63d0296cf4f8572b0448bb6b30.info
	modified:   TestBase/Library/metadata/dd/ddbc971619ecba3499f4bcd61c741053
	modified:   TestBase/Library/metadata/dd/ddbc971619ecba3499f4bcd61c741053.info
	modified:   TestBase/Library/metadata/de/de1a4f5ad4bdf1a4ea072c4d59ba87d8
	modified:   TestBase/Library/metadata/de/de1a4f5ad4bdf1a4ea072c4d59ba87d8.info
	modified:   TestBase/Library/metadata/de/deb987fe02427834d9959416f01385fe
	modified:   TestBase/Library/metadata/de/deb987fe02427834d9959416f01385fe.info
	modified:   TestBase/Library/metadata/df/df2c4ad0c6709fd4f9b1c19ab43878ae
	modified:   TestBase/Library/metadata/df/df2c4ad0c6709fd4f9b1c19ab43878ae.info
	modified:   TestBase/Library/metadata/e0/e075b9a3e08e2f74fbd651c858ab16ed
	modified:   TestBase/Library/metadata/e0/e075b9a3e08e2f74fbd651c858ab16ed.info
	modified:   TestBase/Library/metadata/e1/e120cd792bc66424496697298fec8152
	modified:   TestBase/Library/metadata/e1/e120cd792bc66424496697298fec8152.info
	modified:   TestBase/Library/metadata/e2/e2a9e7063b84f004ea85bbb3c6a4605f
	modified:   TestBase/Library/metadata/e2/e2a9e7063b84f004ea85bbb3c6a4605f.info
	modified:   TestBase/Library/metadata/e2/e2d0070263bf7e143b12963d5c0de179
	modified:   TestBase/Library/metadata/e2/e2d0070263bf7e143b12963d5c0de179.info
	modified:   TestBase/Library/metadata/e3/e3c7e74834cd8424f8735ba05e94a688
	modified:   TestBase/Library/metadata/e3/e3c7e74834cd8424f8735ba05e94a688.info
	modified:   TestBase/Library/metadata/e4/e4909d6c16429ac4fa5a3d69027fee48
	modified:   TestBase/Library/metadata/e4/e4909d6c16429ac4fa5a3d69027fee48.info
	modified:   TestBase/Library/metadata/e4/e4f7e21b31d58d940b37d7f68beca301
	modified:   TestBase/Library/metadata/e4/e4f7e21b31d58d940b37d7f68beca301.info
	modified:   TestBase/Library/metadata/e5/e57cdb51287d3924ebb2ececf816733b
	modified:   TestBase/Library/metadata/e5/e57cdb51287d3924ebb2ececf816733b.info
	modified:   TestBase/Library/metadata/e6/e6e388faa521c96449984cfa4b60d74e
	modified:   TestBase/Library/metadata/e6/e6e388faa521c96449984cfa4b60d74e.info
	modified:   TestBase/Library/metadata/e6/e6f1c85da28190c49a9aaa887894ab0d
	modified:   TestBase/Library/metadata/e6/e6f1c85da28190c49a9aaa887894ab0d.info
	modified:   TestBase/Library/metadata/e7/e71d218337d81064e9a19559452ec3a3
	modified:   TestBase/Library/metadata/e7/e71d218337d81064e9a19559452ec3a3.info
	modified:   TestBase/Library/metadata/e7/e74a49a26242a214d9084fde00bfe3ab
	modified:   TestBase/Library/metadata/e7/e74a49a26242a214d9084fde00bfe3ab.info
	modified:   TestBase/Library/metadata/e7/e7beac9601c709446815b6d3ad5577c9
	modified:   TestBase/Library/metadata/e7/e7beac9601c709446815b6d3ad5577c9.info
	modified:   TestBase/Library/metadata/e8/e85f4779d70082f4ab036cda3e27da26
	modified:   TestBase/Library/metadata/e8/e85f4779d70082f4ab036cda3e27da26.info
	modified:   TestBase/Library/metadata/e8/e888132736b335e4c88bc0a283b474c6
	modified:   TestBase/Library/metadata/e8/e888132736b335e4c88bc0a283b474c6.info
	modified:   TestBase/Library/metadata/e8/e8ed021fd520f4d49a45526a0ea5e05f
	modified:   TestBase/Library/metadata/e8/e8ed021fd520f4d49a45526a0ea5e05f.info
	modified:   TestBase/Library/metadata/e9/e90f1603e5c99c745a28d42e61afe5b2
	modified:   TestBase/Library/metadata/e9/e90f1603e5c99c745a28d42e61afe5b2.info
	modified:   TestBase/Library/metadata/ea/ea7ffed0d6878b84daef3d16682e916f
	modified:   TestBase/Library/metadata/ea/ea7ffed0d6878b84daef3d16682e916f.info
	modified:   TestBase/Library/metadata/ea/ea85c8f6a91a6ab45881b0dbdaabb7d0
	modified:   TestBase/Library/metadata/ea/ea85c8f6a91a6ab45881b0dbdaabb7d0.info
	modified:   TestBase/Library/metadata/ed/ed0064a0cbc30aa4fa12c14d6687783b
	modified:   TestBase/Library/metadata/ed/ed0064a0cbc30aa4fa12c14d6687783b.info
	modified:   TestBase/Library/metadata/ed/ed853f063cea77148a02e1760747f8d5
	modified:   TestBase/Library/metadata/ed/ed853f063cea77148a02e1760747f8d5.info
	modified:   TestBase/Library/metadata/ef/ef0903d879ea9ca49a1fd44d707beb9d
	modified:   TestBase/Library/metadata/ef/ef0903d879ea9ca49a1fd44d707beb9d.info
	modified:   TestBase/Library/metadata/ef/ef2f009a37ff7ff42bc2a2f407ca9483
	modified:   TestBase/Library/metadata/ef/ef2f009a37ff7ff42bc2a2f407ca9483.info
	modified:   TestBase/Library/metadata/ef/ef7ddc5e392d4c0438a2685d8e01fa98
	modified:   TestBase/Library/metadata/ef/ef7ddc5e392d4c0438a2685d8e01fa98.info
	modified:   TestBase/Library/metadata/ef/efcfaaf925e8343438cb505199ee4317
	modified:   TestBase/Library/metadata/ef/efcfaaf925e8343438cb505199ee4317.info
	modified:   TestBase/Library/metadata/f1/f1b3b4b945939a54ea0b23d3396115fb
	modified:   TestBase/Library/metadata/f1/f1b3b4b945939a54ea0b23d3396115fb.info
	modified:   TestBase/Library/metadata/f2/f2216037084d99d4481810cb521ed96f
	modified:   TestBase/Library/metadata/f2/f2216037084d99d4481810cb521ed96f.info
	modified:   TestBase/Library/metadata/f2/f2de282d583d4a641bf1c349f0a3eef9
	modified:   TestBase/Library/metadata/f2/f2de282d583d4a641bf1c349f0a3eef9.info
	modified:   TestBase/Library/metadata/f2/f2e8db505a3b75949992c808fe4507c1
	modified:   TestBase/Library/metadata/f2/f2e8db505a3b75949992c808fe4507c1.info
	modified:   TestBase/Library/metadata/f3/f31c0c0d608e8ba4f9a1afb032092287
	modified:   TestBase/Library/metadata/f3/f31c0c0d608e8ba4f9a1afb032092287.info
	modified:   TestBase/Library/metadata/f3/f377c8b713d25fa46b4456e791731731
	modified:   TestBase/Library/metadata/f3/f377c8b713d25fa46b4456e791731731.info
	modified:   TestBase/Library/metadata/f3/f3a3248bc50115241ae81702fde448eb
	modified:   TestBase/Library/metadata/f3/f3a3248bc50115241ae81702fde448eb.info
	modified:   TestBase/Library/metadata/f3/f3a97e803ed2c1343a74dd9f8ab6c3d4
	modified:   TestBase/Library/metadata/f3/f3a97e803ed2c1343a74dd9f8ab6c3d4.info
	modified:   TestBase/Library/metadata/f5/f59fe5b86f3222d46b46e213af009597
	modified:   TestBase/Library/metadata/f5/f59fe5b86f3222d46b46e213af009597.info
	modified:   TestBase/Library/metadata/f5/f5f67c52d1564df4a8936ccd202a3bd8
	modified:   TestBase/Library/metadata/f5/f5f67c52d1564df4a8936ccd202a3bd8.info
	modified:   TestBase/Library/metadata/f6/f6be435cef5a0d34dab503711572dcbd
	modified:   TestBase/Library/metadata/f6/f6be435cef5a0d34dab503711572dcbd.info
	modified:   TestBase/Library/metadata/f7/f73aeaeed67fd5446ae964e07ef7e7e7
	modified:   TestBase/Library/metadata/f7/f73aeaeed67fd5446ae964e07ef7e7e7.info
	modified:   TestBase/Library/metadata/f8/f834d5cd806ec4645915ac315edbdc60
	modified:   TestBase/Library/metadata/f8/f834d5cd806ec4645915ac315edbdc60.info
	modified:   TestBase/Library/metadata/f9/f9db98c60740638449864eb028fbe7ad
	modified:   TestBase/Library/metadata/f9/f9db98c60740638449864eb028fbe7ad.info
	modified:   TestBase/Library/metadata/f9/f9fb6c12cc8a6e541973187a86473798
	modified:   TestBase/Library/metadata/f9/f9fb6c12cc8a6e541973187a86473798.info
	modified:   TestBase/Library/metadata/fa/fadfb38fe9b3ecc4db70956f425e4720
	modified:   TestBase/Library/metadata/fa/fadfb38fe9b3ecc4db70956f425e4720.info
	modified:   TestBase/Library/metadata/fc/fc122e143604910428784aca756bae8e
	modified:   TestBase/Library/metadata/fc/fc122e143604910428784aca756bae8e.info
	modified:   TestBase/Library/metadata/fc/fc4d38abee6248c4eb77117f9cbcf7b7
	modified:   TestBase/Library/metadata/fc/fc4d38abee6248c4eb77117f9cbcf7b7.info
	modified:   TestBase/Library/metadata/fc/fc94615f990552d4485328d84bd29099
	modified:   TestBase/Library/metadata/fc/fc94615f990552d4485328d84bd29099.info
	modified:   TestBase/Library/metadata/fc/fcd0310abc9bc8647898d40c9f5de6ab
	modified:   TestBase/Library/metadata/fc/fcd0310abc9bc8647898d40c9f5de6ab.info
	modified:   TestBase/Library/metadata/fd/fd0769c97a8159f4cb0829bcfcadd3c1
	modified:   TestBase/Library/metadata/fd/fd0769c97a8159f4cb0829bcfcadd3c1.info
	modified:   TestBase/Library/metadata/ff/ffe654fb96838fb4d92852d69081bd33
	modified:   TestBase/Library/metadata/ff/ffe654fb96838fb4d92852d69081bd33.info
	modified:   TestBase/Library/shadercompiler-UnityShaderCompiler.exe0.log
	modified:   TestBase/ProjectSettings/ProjectSettings.asset
	modified:   TestBase/ProjectSettings/ProjectVersion.txt
	modified:   TestBase/TestBase.sln

Untracked files:
  (use "git add <file>..." to include in what will be committed)

	TestBase/TestBase.Editor.csproj
	TestBase/TestBase.csproj
	status.log

no changes added to commit (use "git add" and/or "git commit -a")
